<?xml version="1.0" encoding="UTF-8"?>
<!-- Generated by org.testng.reporters.JUnitReportReporter -->
<testsuite hostname="KIRAN-SARASWAT" failures="0" tests="9" name="clientreview.NaviagtionToClientReview" time="0.011" errors="1" timestamp="2025-05-23T11:26:20 IST" skipped="8">
  <testcase classname="clientreview.NaviagtionToClientReview" name="OpenSideMenu" time="0.000">
    <skipped/>
  </testcase> <!-- OpenSideMenu -->
  <testcase classname="clientreview.NaviagtionToClientReview" name="setUp" time="0.011">
    <error message="Unresolved compilation problem: 
	The method initializeBrowserAndUrl(String) is undefined for the type Login
" type="java.lang.Error">
      <![CDATA[java.lang.Error: Unresolved compilation problem: 
The method initializeBrowserAndUrl(String) is undefined for the type Login

at clientreview.Login.setUp(Login.java:20)
at java.base/jdk.internal.reflect.DirectMethodHandleAccessor.invoke(DirectMethodHandleAccessor.java:103)
at java.base/java.lang.reflect.Method.invoke(Method.java:580)
at org.testng.internal.invokers.MethodInvocationHelper.invokeMethod(MethodInvocationHelper.java:141)
at org.testng.internal.invokers.MethodInvocationHelper.invokeMethodConsideringTimeout(MethodInvocationHelper.java:71)
at org.testng.internal.invokers.ConfigInvoker.invokeConfigurationMethod(ConfigInvoker.java:400)
at org.testng.internal.invokers.ConfigInvoker.invokeConfigurations(ConfigInvoker.java:333)
at org.testng.internal.invokers.TestInvoker.runConfigMethods(TestInvoker.java:836)
at org.testng.internal.invokers.TestInvoker.invokeMethod(TestInvoker.java:601)
at org.testng.internal.invokers.TestInvoker.invokeTestMethod(TestInvoker.java:230)
at org.testng.internal.invokers.MethodRunner.runInSequence(MethodRunner.java:63)
at org.testng.internal.invokers.TestInvoker$MethodInvocationAgent.invoke(TestInvoker.java:995)
at org.testng.internal.invokers.TestInvoker.invokeTestMethods(TestInvoker.java:203)
at org.testng.internal.invokers.TestMethodWorker.invokeTestMethods(TestMethodWorker.java:154)
at org.testng.internal.invokers.TestMethodWorker.run(TestMethodWorker.java:134)
at java.base/java.util.ArrayList.forEach(ArrayList.java:1596)
at org.testng.TestRunner.privateRun(TestRunner.java:741)
at org.testng.TestRunner.run(TestRunner.java:616)
at org.testng.SuiteRunner.runTest(SuiteRunner.java:421)
at org.testng.SuiteRunner.runSequentially(SuiteRunner.java:413)
at org.testng.SuiteRunner.privateRun(SuiteRunner.java:373)
at org.testng.SuiteRunner.run(SuiteRunner.java:312)
at org.testng.SuiteRunnerWorker.runSuite(SuiteRunnerWorker.java:52)
at org.testng.SuiteRunnerWorker.run(SuiteRunnerWorker.java:95)
at org.testng.TestNG.runSuitesSequentially(TestNG.java:1274)
at org.testng.TestNG.runSuitesLocally(TestNG.java:1208)
at org.testng.TestNG.runSuites(TestNG.java:1112)
at org.testng.TestNG.run(TestNG.java:1079)
at org.testng.remote.AbstractRemoteTestNG.run(AbstractRemoteTestNG.java:115)
at org.testng.remote.RemoteTestNG.initAndRun(RemoteTestNG.java:293)
at org.testng.remote.RemoteTestNG.main(RemoteTestNG.java:91)
]]>
    </error>
  </testcase> <!-- setUp -->
  <testcase classname="clientreview.NaviagtionToClientReview" name="validLoginDetails" time="0.000">
    <skipped/>
  </testcase> <!-- validLoginDetails -->
  <testcase classname="clientreview.NaviagtionToClientReview" name="searchWithValidEmail" time="0.000">
    <skipped/>
  </testcase> <!-- searchWithValidEmail -->
  <testcase classname="clientreview.NaviagtionToClientReview" name="invalidPasswordDetails" time="0.000">
    <skipped/>
  </testcase> <!-- invalidPasswordDetails -->
  <testcase classname="clientreview.NaviagtionToClientReview" name="invalidEmailDetails" time="0.000">
    <skipped/>
  </testcase> <!-- invalidEmailDetails -->
  <testcase classname="clientreview.NaviagtionToClientReview" name="blankEmailDetails" time="0.000">
    <skipped/>
  </testcase> <!-- blankEmailDetails -->
  <testcase classname="clientreview.NaviagtionToClientReview" name="blankPasswordDetails" time="0.000">
    <skipped/>
  </testcase> <!-- blankPasswordDetails -->
  <testcase classname="clientreview.NaviagtionToClientReview" name="blankPasswordEmailDetails" time="0.000">
    <skipped/>
  </testcase> <!-- blankPasswordEmailDetails -->
</testsuite> <!-- clientreview.NaviagtionToClientReview -->
