<?xml version="1.0" encoding="UTF-8"?>
<!-- Generated by org.testng.reporters.JUnitReportReporter -->
<testsuite hostname="KIRAN-SARASWAT" failures="0" tests="5" name="clientreview.BaseClass" time="39.748" errors="0" timestamp="2025-05-21T18:17:44 IST" skipped="0">
  <testcase classname="clientreview.BaseClass" name="validLoginDetails" time="12.799"/>
  <testcase classname="clientreview.BaseClass" name="invalidPasswordDetails" time="7.597"/>
  <testcase classname="clientreview.BaseClass" name="invalidEmailDetails" time="6.605"/>
  <testcase classname="clientreview.BaseClass" name="blankEmailDetails" time="6.303"/>
  <testcase classname="clientreview.BaseClass" name="blankPasswordDetails" time="6.444"/>
</testsuite> <!-- clientreview.BaseClass -->
