<?xml version="1.0" encoding="UTF-8"?>
<!-- Generated by org.testng.reporters.JUnitReportReporter -->
<testsuite hostname="KIRAN-SARASWAT" failures="0" tests="1" name="clientreview.Login" time="1.443" errors="0" timestamp="2025-07-02T18:56:59 IST" skipped="0">
  <testcase classname="clientreview.Login" name="validLoginDetailsCheck" time="1.443"/>
</testsuite> <!-- clientreview.Login -->
