<?xml version="1.0" encoding="UTF-8"?>
<!-- Generated by org.testng.reporters.JUnitReportReporter -->
<testsuite hostname="KIRAN-SARASWAT" failures="0" tests="1" name="clientreview.NaviagtionToClientReview" time="5.021" errors="0" timestamp="2025-07-01T17:16:46 IST" skipped="0">
  <testcase classname="clientreview.NaviagtionToClientReview" name="validLoginDetailsCheck" time="5.021"/>
</testsuite> <!-- clientreview.NaviagtionToClientReview -->
