<?xml version="1.0" encoding="UTF-8"?>
<!-- Generated by org.testng.reporters.JUnitReportReporter -->
<testsuite hostname="KIRAN-SARASWAT" failures="0" tests="1" name="clientreview.Login" time="7.923" errors="0" timestamp="2025-06-30T17:20:11 IST" skipped="0">
  <testcase classname="clientreview.Login" name="validLoginDetailsCheck" time="7.923"/>
</testsuite> <!-- clientreview.Login -->
