<?xml version="1.0" encoding="UTF-8"?>
<!-- Generated by org.testng.reporters.JUnitReportReporter -->
<testsuite hostname="KIRAN-SARASWAT" failures="0" tests="1" name="clientreview.Login" time="6.696" errors="0" timestamp="2025-06-16T16:22:28 IST" skipped="0">
  <testcase classname="clientreview.Login" name="validLoginDetailsCheck" time="6.696"/>
</testsuite> <!-- clientreview.Login -->
